<?xml version="1.0" encoding="UTF-8"?>
<testsuite name="com.kodilla.spring.portfolio.BoardTestSuite" tests="1" skipped="0" failures="0" errors="0" timestamp="2019-04-09T08:42:27" hostname="MBP-Aleksandra.home" time="0.008">
  <properties/>
  <testcase name="testTaskAdd" classname="com.kodilla.spring.portfolio.BoardTestSuite" time="0.008"/>
  <system-out><![CDATA[[taskNo27]
[taskNo21]
[taskNo17]
]]></system-out>
  <system-err><![CDATA[]]></system-err>
</testsuite>
