<?xml version="1.0" encoding="UTF-8"?>
<testsuite name="com.kodilla.testing.forum.statistics.StatisticsPresentationTestSuite" tests="3" skipped="0" failures="0" errors="0" timestamp="2019-01-24T10:56:38" hostname="MBP-Aleksandra.home" time="0.006">
  <properties/>
  <testcase name="test1CalculateAdvStatistics" classname="com.kodilla.testing.forum.statistics.StatisticsPresentationTestSuite" time="0.004"/>
  <testcase name="test2CalculateAdvStatistics" classname="com.kodilla.testing.forum.statistics.StatisticsPresentationTestSuite" time="0.001"/>
  <testcase name="test3CalculateAdvStatistics" classname="com.kodilla.testing.forum.statistics.StatisticsPresentationTestSuite" time="0.001"/>
  <system-out><![CDATA[]]></system-out>
  <system-err><![CDATA[]]></system-err>
</testsuite>
