<?xml version="1.0" encoding="UTF-8"?>
<testsuite name="com.kodilla.testing.forum.statistics.StatisticsPresentationTestSuite" tests="3" skipped="0" failures="0" errors="0" timestamp="2019-01-31T13:01:08" hostname="MBP-Aleksandra.home" time="0.007">
  <properties/>
  <testcase name="test1CalculateAdvStatistics" classname="com.kodilla.testing.forum.statistics.StatisticsPresentationTestSuite" time="0.005"/>
  <testcase name="test2CalculateAdvStatistics" classname="com.kodilla.testing.forum.statistics.StatisticsPresentationTestSuite" time="0.0"/>
  <testcase name="test3CalculateAdvStatistics" classname="com.kodilla.testing.forum.statistics.StatisticsPresentationTestSuite" time="0.0"/>
  <system-out><![CDATA[]]></system-out>
  <system-err><![CDATA[]]></system-err>
</testsuite>
