<?xml version="1.0" encoding="UTF-8"?>
<testsuite name="com.kodilla.patterns.strategy.social.UserTestSuite" tests="2" skipped="0" failures="0" errors="0" timestamp="2019-04-09T08:42:25" hostname="MBP-Aleksandra.home" time="0.003">
  <properties/>
  <testcase name="testDefaultSharingStrategies" classname="com.kodilla.patterns.strategy.social.UserTestSuite" time="0.002"/>
  <testcase name="testIndividualSharingStrategy" classname="com.kodilla.patterns.strategy.social.UserTestSuite" time="0.0"/>
  <system-out><![CDATA[Mark: You use Facebook to public your posts.
Victor: You use Twitter to public your posts.
Amy: You use Snapchat to public your posts.
Mark update: You use Snapchat to public your posts.
]]></system-out>
  <system-err><![CDATA[]]></system-err>
</testsuite>
