<?xml version="1.0" encoding="UTF-8"?>
<testsuite name="com.kodilla.patterns.builder.bigmac.BigmacTestSuite" tests="1" skipped="0" failures="0" errors="0" timestamp="2019-04-09T08:42:25" hostname="MBP-Aleksandra.home" time="0.001">
  <properties/>
  <testcase name="testBigmacNew" classname="com.kodilla.patterns.builder.bigmac.BigmacTestSuite" time="0.001"/>
  <system-out><![CDATA[Bigmac{bun='withSezam', burgers='2', sauce='standard', ingredients=[onion, chilliPapers, cheese]}
]]></system-out>
  <system-err><![CDATA[]]></system-err>
</testsuite>
