<?xml version="1.0" encoding="UTF-8"?>
<testsuite name="com.kodilla.patterns.singleton.LoggerTestSuite" tests="1" skipped="0" failures="0" errors="0" timestamp="2019-04-09T08:42:24" hostname="MBP-Aleksandra.home" time="0.001">
  <properties/>
  <testcase name="testGetLastLog" classname="com.kodilla.patterns.singleton.LoggerTestSuite" time="0.001"/>
  <system-out><![CDATA[Log: [log in]
Log: [password change]
]]></system-out>
  <system-err><![CDATA[]]></system-err>
</testsuite>
